<?xml version="1.0" encoding="UTF-8"?>
<!-- Generated by org.testng.reporters.JUnitReportReporter -->
<testsuite name="N26.GnuCash2.CreateTransaction" tests="1" time="19.084" ignored="0" failures="0" timestamp="18 Feb 2019 16:53:09 GMT" skipped="0" hostname="One-CreditMBP05.local" errors="0">
  <testcase name="createTransactionPageObject" time="19.084" classname="N26.GnuCash2.CreateTransaction"/>
</testsuite> <!-- N26.GnuCash2.CreateTransaction -->
