<?xml version="1.0" encoding="UTF-8"?>
<!-- Generated by org.testng.reporters.JUnitReportReporter -->
<testsuite name="N26.GnuCash2.Onboarding" tests="1" time="19.733" ignored="0" failures="0" timestamp="18 Feb 2019 16:53:04 GMT" skipped="0" hostname="One-CreditMBP05.local" errors="0">
  <testcase name="onboarding" time="19.733" classname="N26.GnuCash2.Onboarding"/>
</testsuite> <!-- N26.GnuCash2.Onboarding -->
